<?xml version="1.0" encoding="UTF-8" ?>
<testsuite tests="2" failures="1" name="co.edu.icesi.ketal.test.distribution.DistributionTest" time="67.076" errors="0" skipped="0">
  <properties>
    <property name="java.runtime.name" value="Java(TM) SE Runtime Environment"/>
    <property name="sun.boot.library.path" value="/Library/Java/JavaVirtualMachines/jdk1.8.0_60.jdk/Contents/Home/jre/lib"/>
    <property name="java.vm.version" value="25.60-b23"/>
    <property name="user.country.format" value="CO"/>
    <property name="gopherProxySet" value="false"/>
    <property name="java.vm.vendor" value="Oracle Corporation"/>
    <property name="java.vendor.url" value="http://java.oracle.com/"/>
    <property name="path.separator" value=":"/>
    <property name="guice.disable.misplaced.annotation.check" value="true"/>
    <property name="java.vm.name" value="Java HotSpot(TM) 64-Bit Server VM"/>
    <property name="file.encoding.pkg" value="sun.io"/>
    <property name="user.country" value="ES"/>
    <property name="sun.java.launcher" value="SUN_STANDARD"/>
    <property name="sun.os.patch.level" value="unknown"/>
    <property name="java.vm.specification.name" value="Java Virtual Machine Specification"/>
    <property name="user.dir" value="/Users/dnielben/Dropbox/01Escritorio/03Programas/ketal"/>
    <property name="java.runtime.version" value="1.8.0_60-b27"/>
    <property name="java.awt.graphicsenv" value="sun.awt.CGraphicsEnvironment"/>
    <property name="java.endorsed.dirs" value="/Library/Java/JavaVirtualMachines/jdk1.8.0_60.jdk/Contents/Home/jre/lib/endorsed"/>
    <property name="os.arch" value="x86_64"/>
    <property name="java.io.tmpdir" value="/var/folders/r6/p75tl31n5z31c54c4gf8j3mr0000gn/T/"/>
    <property name="line.separator" value="
"/>
    <property name="java.vm.specification.vendor" value="Oracle Corporation"/>
    <property name="os.name" value="Mac OS X"/>
    <property name="maven.ext.class.path" value="/Applications/NetBeans/NetBeans 8.0.2.app/Contents/Resources/NetBeans/java/maven-nblib/netbeans-eventspy.jar"/>
    <property name="classworlds.conf" value="/Applications/NetBeans/NetBeans 8.0.2.app/Contents/Resources/NetBeans/java/maven/bin/m2.conf"/>
    <property name="sun.jnu.encoding" value="UTF-8"/>
    <property name="java.library.path" value="/Users/dnielben/Library/Java/Extensions:/Library/Java/Extensions:/Network/Library/Java/Extensions:/System/Library/Java/Extensions:/usr/lib/java:."/>
    <property name="java.specification.name" value="Java Platform API Specification"/>
    <property name="java.class.version" value="52.0"/>
    <property name="sun.management.compiler" value="HotSpot 64-Bit Tiered Compilers"/>
    <property name="os.version" value="10.11.5"/>
    <property name="http.nonProxyHosts" value="local|*.local|169.254/16|*.169.254/16"/>
    <property name="user.home" value="/Users/dnielben"/>
    <property name="user.timezone" value="America/Bogota"/>
    <property name="java.awt.printerjob" value="sun.lwawt.macosx.CPrinterJob"/>
    <property name="java.specification.version" value="1.8"/>
    <property name="file.encoding" value="UTF-8"/>
    <property name="user.name" value="dnielben"/>
    <property name="java.class.path" value="/Applications/NetBeans/NetBeans 8.0.2.app/Contents/Resources/NetBeans/java/maven/boot/plexus-classworlds-2.4.jar"/>
    <property name="java.vm.specification.version" value="1.8"/>
    <property name="sun.arch.data.model" value="64"/>
    <property name="java.home" value="/Library/Java/JavaVirtualMachines/jdk1.8.0_60.jdk/Contents/Home/jre"/>
    <property name="sun.java.command" value="org.codehaus.plexus.classworlds.launcher.Launcher -Dmaven.ext.class.path=/Applications/NetBeans/NetBeans 8.0.2.app/Contents/Resources/NetBeans/java/maven-nblib/netbeans-eventspy.jar clean install"/>
    <property name="java.specification.vendor" value="Oracle Corporation"/>
    <property name="user.language" value="es"/>
    <property name="awt.toolkit" value="sun.lwawt.macosx.LWCToolkit"/>
    <property name="java.vm.info" value="mixed mode"/>
    <property name="java.version" value="1.8.0_60"/>
    <property name="java.ext.dirs" value="/Users/dnielben/Library/Java/Extensions:/Library/Java/JavaVirtualMachines/jdk1.8.0_60.jdk/Contents/Home/jre/lib/ext:/Library/Java/Extensions:/Network/Library/Java/Extensions:/System/Library/Java/Extensions:/usr/lib/java"/>
    <property name="sun.boot.class.path" value="/Library/Java/JavaVirtualMachines/jdk1.8.0_60.jdk/Contents/Home/jre/lib/resources.jar:/Library/Java/JavaVirtualMachines/jdk1.8.0_60.jdk/Contents/Home/jre/lib/rt.jar:/Library/Java/JavaVirtualMachines/jdk1.8.0_60.jdk/Contents/Home/jre/lib/sunrsasign.jar:/Library/Java/JavaVirtualMachines/jdk1.8.0_60.jdk/Contents/Home/jre/lib/jsse.jar:/Library/Java/JavaVirtualMachines/jdk1.8.0_60.jdk/Contents/Home/jre/lib/jce.jar:/Library/Java/JavaVirtualMachines/jdk1.8.0_60.jdk/Contents/Home/jre/lib/charsets.jar:/Library/Java/JavaVirtualMachines/jdk1.8.0_60.jdk/Contents/Home/jre/lib/jfr.jar:/Library/Java/JavaVirtualMachines/jdk1.8.0_60.jdk/Contents/Home/jre/classes"/>
    <property name="java.vendor" value="Oracle Corporation"/>
    <property name="maven.home" value="/Applications/NetBeans/NetBeans 8.0.2.app/Contents/Resources/NetBeans/java/maven"/>
    <property name="file.separator" value="/"/>
    <property name="java.vendor.url.bug" value="http://bugreport.sun.com/bugreport/"/>
    <property name="sun.cpu.endian" value="little"/>
    <property name="sun.io.unicode.encoding" value="UnicodeBig"/>
    <property name="socksNonProxyHosts" value="local|*.local|169.254/16|*.169.254/16"/>
    <property name="ftp.nonProxyHosts" value="local|*.local|169.254/16|*.169.254/16"/>
    <property name="sun.cpu.isalist" value=""/>
  </properties>
  <testcase classname="co.edu.icesi.ketal.test.distribution.DistributionTest" name="testAutomatonRecognizer" time="29.072">
    <failure type="java.lang.AssertionError">java.lang.AssertionError
	at org.junit.Assert.fail(Assert.java:86)
	at org.junit.Assert.assertTrue(Assert.java:41)
	at org.junit.Assert.assertTrue(Assert.java:52)
	at co.edu.icesi.ketal.test.distribution.DistributionTest.testAutomatonRecognizer(DistributionTest.java:124)
	at sun.reflect.NativeMethodAccessorImpl.invoke0(Native Method)
	at sun.reflect.NativeMethodAccessorImpl.invoke(NativeMethodAccessorImpl.java:62)
	at sun.reflect.DelegatingMethodAccessorImpl.invoke(DelegatingMethodAccessorImpl.java:43)
	at java.lang.reflect.Method.invoke(Method.java:497)
	at org.junit.runners.model.FrameworkMethod$1.runReflectiveCall(FrameworkMethod.java:47)
	at org.junit.internal.runners.model.ReflectiveCallable.run(ReflectiveCallable.java:12)
	at org.junit.runners.model.FrameworkMethod.invokeExplosively(FrameworkMethod.java:44)
	at org.junit.internal.runners.statements.InvokeMethod.evaluate(InvokeMethod.java:17)
	at org.junit.internal.runners.statements.RunBefores.evaluate(RunBefores.java:26)
	at org.junit.internal.runners.statements.RunAfters.evaluate(RunAfters.java:27)
	at org.junit.runners.ParentRunner.runLeaf(ParentRunner.java:271)
	at org.junit.runners.BlockJUnit4ClassRunner.runChild(BlockJUnit4ClassRunner.java:70)
	at org.junit.runners.BlockJUnit4ClassRunner.runChild(BlockJUnit4ClassRunner.java:50)
	at org.junit.runners.ParentRunner$3.run(ParentRunner.java:238)
	at org.junit.runners.ParentRunner$1.schedule(ParentRunner.java:63)
	at org.junit.runners.ParentRunner.runChildren(ParentRunner.java:236)
	at org.junit.runners.ParentRunner.access$000(ParentRunner.java:53)
	at org.junit.runners.ParentRunner$2.evaluate(ParentRunner.java:229)
	at org.junit.runners.ParentRunner.run(ParentRunner.java:309)
	at org.apache.maven.surefire.junit4.JUnit4TestSet.execute(JUnit4TestSet.java:53)
	at org.apache.maven.surefire.junit4.JUnit4Provider.executeTestSet(JUnit4Provider.java:123)
	at org.apache.maven.surefire.junit4.JUnit4Provider.invoke(JUnit4Provider.java:104)
	at sun.reflect.NativeMethodAccessorImpl.invoke0(Native Method)
	at sun.reflect.NativeMethodAccessorImpl.invoke(NativeMethodAccessorImpl.java:62)
	at sun.reflect.DelegatingMethodAccessorImpl.invoke(DelegatingMethodAccessorImpl.java:43)
	at java.lang.reflect.Method.invoke(Method.java:497)
	at org.apache.maven.surefire.util.ReflectionUtils.invokeMethodWithArray(ReflectionUtils.java:164)
	at org.apache.maven.surefire.booter.ProviderFactory$ProviderProxy.invoke(ProviderFactory.java:110)
	at org.apache.maven.surefire.booter.SurefireStarter.invokeProvider(SurefireStarter.java:175)
	at org.apache.maven.surefire.booter.SurefireStarter.runSuitesInProcessWhenForked(SurefireStarter.java:107)
	at org.apache.maven.surefire.booter.ForkedBooter.main(ForkedBooter.java:68)
</failure>
    <system-out>
-------------------------------------------------------------------
GMS: address=mbp-de-luis-2-38740, cluster=ASYNC-UNO, physical address=fe80:0:0:0:c950:91c7:d3f1:d4a3%12:64284
-------------------------------------------------------------------
** view: [mbp-de-luis-2-38740|0] (1) [mbp-de-luis-2-38740]

-------------------------------------------------------------------
GMS: address=mbp-de-luis-2-54724, cluster=SYNC-UNO, physical address=fe80:0:0:0:c950:91c7:d3f1:d4a3%12:64285
-------------------------------------------------------------------

-------------------------------------------------------------------
GMS: address=mbp-de-luis-2-30442, cluster=ASYNC-UNO, physical address=fe80:0:0:0:c950:91c7:d3f1:d4a3%12:64286
-------------------------------------------------------------------
** view: [mbp-de-luis-2-30442|0] (1) [mbp-de-luis-2-30442]

-------------------------------------------------------------------
GMS: address=mbp-de-luis-2-13059, cluster=SYNC-UNO, physical address=fe80:0:0:0:c950:91c7:d3f1:d4a3%12:64287
-------------------------------------------------------------------
app Vector[2,]

new Vector: null[1,]

1877064120- KetalHandler! Event: c Metadata: null
app Vector[2,]

new Vector: null[2,]

1877064120- KetalHandler! Event: a Metadata: null
app Vector[2,]

new Vector: null[1,]

1952388459- KetalHandler! Event: a Metadata: null
app Vector[2,]

new Vector: null[2,]

1952388459- KetalHandler! Event: b Metadata: null
</system-out>
    <system-err>jun 13, 2016 9:26:40 AM org.jgroups.stack.Configurator resolveAndAssignField
ADVERTENCIA: JGRP000014: TP.loopback has been deprecated: enabled by default
jun 13, 2016 9:26:40 AM org.jgroups.stack.Configurator resolveAndAssignField
ADVERTENCIA: JGRP000014: TP.enable_bundling has been deprecated: will be ignored as bundling is on by default
jun 13, 2016 9:26:40 AM org.jgroups.stack.Configurator resolveAndAssignField
ADVERTENCIA: JGRP000014: Discovery.timeout has been deprecated: GMS.join_timeout should be used instead
jun 13, 2016 9:26:40 AM org.jgroups.stack.Configurator resolveAndAssignField
ADVERTENCIA: JGRP000014: Discovery.num_initial_members has been deprecated: will be ignored
jun 13, 2016 9:26:40 AM org.jgroups.stack.Configurator resolveAndInvokePropertyMethod
ADVERTENCIA: JGRP000014: UNICAST.setTimeout has been deprecated: not used anymore
jun 13, 2016 9:26:40 AM org.jgroups.util.SuppressLog log
ADVERTENCIA: JGRP000034: mbp-de-luis-2-38740: failure sending message to /ff0e:0:0:0:0:0:e408:808: java.io.IOException: No buffer space available
jun 13, 2016 9:26:40 AM org.jgroups.util.SuppressLog log
ADVERTENCIA: JGRP000034: mbp-de-luis-2-22274: failure sending message to /fe80:0:0:0:c950:91c7:d3f1:d4a3%12: java.io.IOException: No buffer space available
jun 13, 2016 9:26:42 AM org.jgroups.protocols.TP sendToSingleMember
ADVERTENCIA: JGRP000032: mbp-de-luis-2-22274: no physical address for mbp-de-luis-2-51648, dropping message
jun 13, 2016 9:26:51 AM org.jgroups.util.SuppressLog log
ADVERTENCIA: JGRP000034: mbp-de-luis-2-54724: failure sending message to /ff0e:0:0:0:0:8:8:8: java.io.IOException: No buffer space available
jun 13, 2016 9:26:51 AM org.jgroups.util.SuppressLog log
ADVERTENCIA: JGRP000034: mbp-de-luis-2-57236: failure sending message to /fe80:0:0:0:c950:91c7:d3f1:d4a3%12: java.io.IOException: No buffer space available
jun 13, 2016 9:26:52 AM org.jgroups.util.SuppressLog log
ADVERTENCIA: JGRP000034: mbp-de-luis-2-38740: failure sending message to /fe80:0:0:0:c950:91c7:d3f1:d4a3%12: java.io.IOException: No buffer space available
jun 13, 2016 9:26:53 AM org.jgroups.stack.Configurator resolveAndAssignField
ADVERTENCIA: JGRP000014: TP.loopback has been deprecated: enabled by default
jun 13, 2016 9:26:53 AM org.jgroups.stack.Configurator resolveAndAssignField
ADVERTENCIA: JGRP000014: TP.enable_bundling has been deprecated: will be ignored as bundling is on by default
jun 13, 2016 9:26:53 AM org.jgroups.stack.Configurator resolveAndAssignField
ADVERTENCIA: JGRP000014: Discovery.timeout has been deprecated: GMS.join_timeout should be used instead
jun 13, 2016 9:26:53 AM org.jgroups.stack.Configurator resolveAndAssignField
ADVERTENCIA: JGRP000014: Discovery.num_initial_members has been deprecated: will be ignored
jun 13, 2016 9:26:53 AM org.jgroups.stack.Configurator resolveAndInvokePropertyMethod
ADVERTENCIA: JGRP000014: UNICAST.setTimeout has been deprecated: not used anymore
jun 13, 2016 9:26:53 AM org.jgroups.util.SuppressLog log
ADVERTENCIA: JGRP000034: mbp-de-luis-2-30442: failure sending message to /ff0e:0:0:0:0:0:e408:808: java.io.IOException: No buffer space available
jun 13, 2016 9:26:58 AM org.jgroups.util.SuppressLog log
ADVERTENCIA: JGRP000034: mbp-de-luis-2-13059: failure sending message to /ff0e:0:0:0:0:8:8:8: java.io.IOException: No buffer space available
jun 13, 2016 9:26:58 AM org.jgroups.util.SuppressLog log
ADVERTENCIA: JGRP000034: mbp-de-luis-2-54724: failure sending message to /fe80:0:0:0:c950:91c7:d3f1:d4a3%12: java.io.IOException: No buffer space available
jun 13, 2016 9:26:59 AM org.jgroups.protocols.TP sendToSingleMember
ADVERTENCIA: JGRP000032: mbp-de-luis-2-38740: no physical address for mbp-de-luis-2-51648, dropping message
jun 13, 2016 9:26:59 AM org.jgroups.protocols.TP sendToSingleMember
ADVERTENCIA: JGRP000032: mbp-de-luis-2-22274: no physical address for mbp-de-luis-2-51648, dropping message
jun 13, 2016 9:26:59 AM org.jgroups.protocols.TP sendToSingleMember
ADVERTENCIA: JGRP000032: mbp-de-luis-2-30442: no physical address for mbp-de-luis-2-22274, dropping message
jun 13, 2016 9:26:59 AM org.jgroups.protocols.TP sendToSingleMember
ADVERTENCIA: JGRP000032: mbp-de-luis-2-30442: no physical address for mbp-de-luis-2-51648, dropping message
jun 13, 2016 9:26:59 AM org.jgroups.util.SuppressLog log
ADVERTENCIA: JGRP000034: mbp-de-luis-2-30442: failure sending message to /fe80:0:0:0:c950:91c7:d3f1:d4a3%12: java.io.IOException: No buffer space available
jun 13, 2016 9:27:05 AM org.jgroups.protocols.TP sendToSingleMember
ADVERTENCIA: JGRP000032: mbp-de-luis-2-22274: no physical address for mbp-de-luis-2-51648, dropping message
jun 13, 2016 9:27:05 AM org.jgroups.protocols.TP sendToSingleMember
ADVERTENCIA: JGRP000032: mbp-de-luis-2-30442: no physical address for mbp-de-luis-2-51648, dropping message
jun 13, 2016 9:27:05 AM org.jgroups.protocols.TP sendToSingleMember
ADVERTENCIA: JGRP000032: mbp-de-luis-2-38740: no physical address for mbp-de-luis-2-51648, dropping message
Upwarding: []Downwarding: []
Colocando un vector en el Eventojun 13, 2016 9:27:05 AM org.jgroups.util.SuppressLog log
ADVERTENCIA: JGRP000011: mbp-de-luis-2-22274: dropped message 1 from non-member mbp-de-luis-2-38740 (view=[mbp-de-luis-2-22274|0] (1) [mbp-de-luis-2-22274])
jun 13, 2016 9:27:05 AM org.jgroups.util.SuppressLog log
ADVERTENCIA: JGRP000011: mbp-de-luis-2-30442: dropped message 1 from non-member mbp-de-luis-2-38740 (view=[mbp-de-luis-2-30442|0] (1) [mbp-de-luis-2-30442])
jun 13, 2016 9:27:05 AM org.jgroups.util.SuppressLog log
ADVERTENCIA: JGRP000011: mbp-de-luis-2-51648: dropped message 1 from non-member mbp-de-luis-2-38740 (view=[mbp-de-luis-2-51648|0] (1) [mbp-de-luis-2-51648])
Sin ordenamiento: ----1877064120- Processing: c
Upwarding: []Downwarding: []
Colocando un vector en el EventoSin ordenamiento: ----1877064120- Processing: a
Upwarding: []Downwarding: []
Colocando un vector en el Eventojun 13, 2016 9:27:07 AM org.jgroups.util.SuppressLog log
ADVERTENCIA: JGRP000011: mbp-de-luis-2-38740: dropped message 1 from non-member mbp-de-luis-2-30442 (view=[mbp-de-luis-2-38740|0] (1) [mbp-de-luis-2-38740])
Sin ordenamiento: ----jun 13, 2016 9:27:07 AM org.jgroups.util.SuppressLog log
ADVERTENCIA: JGRP000011: mbp-de-luis-2-51648: dropped message 1 from non-member mbp-de-luis-2-30442 (view=[mbp-de-luis-2-51648|0] (1) [mbp-de-luis-2-51648])
jun 13, 2016 9:27:07 AM org.jgroups.util.SuppressLog log
ADVERTENCIA: JGRP000011: mbp-de-luis-2-22274: dropped message 1 from non-member mbp-de-luis-2-30442 (view=[mbp-de-luis-2-22274|0] (1) [mbp-de-luis-2-22274])
1952388459- Processing: a
Upwarding: []Downwarding: []
Colocando un vector en el EventoSin ordenamiento: ----1952388459- Processing: b
</system-err>
  </testcase>
  <testcase classname="co.edu.icesi.ketal.test.distribution.DistributionTest" name="testMessageSending" time="38.002"/>
</testsuite>